<?xml version="1.0" encoding="UTF-8"?>
<testng-results ignored="0" total="1" passed="1" failed="0" skipped="0">
  <reporter-output>
    <line>
      <![CDATA[Hi Prasanthi]]>
    </line>
  </reporter-output>
  <suite started-at="2023-08-01T13:30:24 AEST" name="Default suite" finished-at="2023-08-01T13:30:24 AEST" duration-ms="96">
    <groups>
    </groups>
    <test started-at="2023-08-01T13:30:24 AEST" name="Default test" finished-at="2023-08-01T13:30:24 AEST" duration-ms="96">
      <class name="practise.TestDemo">
        <test-method signature="simple()[pri:0, instance:practise.TestDemo@1ed4ae0f]" started-at="2023-08-01T13:30:24 AEST" name="simple" finished-at="2023-08-01T13:30:24 AEST" duration-ms="14" status="PASS">
          <reporter-output>
            <line>
              <![CDATA[Hi Prasanthi]]>
            </line>
          </reporter-output>
        </test-method> <!-- simple -->
      </class> <!-- practise.TestDemo -->
    </test> <!-- Default test -->
  </suite> <!-- Default suite -->
</testng-results>
